<?xml version="1.0" encoding="UTF-8" ?>
<testsuites>
 <testsuite name="chrome.ui-deni-grid - basic" timestamp="2016-12-30T14:18:36" hostname="localhost" time="5.323" errors="0" tests="3" skipped="0" disabled="0" failures="0">
  <testcase classname="chrome.ui-deni-grid - basic" name="should check the measurements of the inner elements" time="2.493" />
  <testcase classname="chrome.ui-deni-grid - basic" name="should confers the quantity of the inner elements" time="0.959" />
  <testcase classname="chrome.ui-deni-grid - basic" name="should check other attributes" time="1.87" />
 </testsuite>
</testsuites>